<?xml version="1.0" encoding="UTF-8"?>
<!-- Generated by org.testng.reporters.JUnitXMLReporter -->
<testsuite ignored="0" hostname="AnnieSneha" failures="0" tests="3" name="Default test" time="25.226" errors="0" timestamp="2024-08-27T13:28:08 IST">
  <testcase classname="testNg.ExtentReports1" name="Searchiphone" time="3.167"/>
  <testcase classname="testNg.ExtentReports1" name="SearchTest" time="3.233"/>
  <testcase classname="testNg.ExtentReports1" name="SearchTest2" time="4.548"/>
</testsuite> <!-- Default test -->
